\BOOKMARK [0][-]{chapter.1}{はじめに}{}% 1
\BOOKMARK [1][-]{section.1.1}{研究背景}{chapter.1}% 2
\BOOKMARK [1][-]{section.1.2}{TFライブラリ}{chapter.1}% 3
\BOOKMARK [1][-]{section.1.3}{研究課題}{chapter.1}% 4
\BOOKMARK [1][-]{section.1.4}{貢献}{chapter.1}% 5
\BOOKMARK [1][-]{section.1.5}{構成}{chapter.1}% 6
\BOOKMARK [0][-]{chapter.2}{関連研究}{}% 7
\BOOKMARK [0][-]{chapter.3}{既存のTFの木構造とその問題点}{}% 8
\BOOKMARK [1][-]{section.3.1}{TFライブラリの使用例}{chapter.3}% 9
\BOOKMARK [1][-]{section.3.2}{構造}{chapter.3}% 10
\BOOKMARK [1][-]{section.3.3}{TFの木構造のインターフェイス}{chapter.3}% 11
\BOOKMARK [1][-]{section.3.4}{lookupTransform}{chapter.3}% 12
\BOOKMARK [1][-]{section.3.5}{setTransform}{chapter.3}% 13
\BOOKMARK [1][-]{section.3.6}{問題点}{chapter.3}% 14
\BOOKMARK [0][-]{chapter.4}{提案手法}{}% 15
\BOOKMARK [1][-]{section.4.1}{細粒度ロックの導入}{chapter.4}% 16
\BOOKMARK [1][-]{section.4.2}{2PLの導入}{chapter.4}% 17
\BOOKMARK [2][-]{subsection.4.2.1}{データの鮮度の確保}{section.4.2}% 18
\BOOKMARK [2][-]{subsection.4.2.2}{データの一貫性の確保}{section.4.2}% 19
\BOOKMARK [2][-]{subsection.4.2.3}{Deadlockの回避}{section.4.2}% 20
\BOOKMARK [0][-]{chapter.5}{評価}{}% 21
\BOOKMARK [1][-]{section.5.1}{実装}{chapter.5}% 22
\BOOKMARK [1][-]{section.5.2}{実験環境}{chapter.5}% 23
\BOOKMARK [1][-]{section.5.3}{ワークロード}{chapter.5}% 24
\BOOKMARK [1][-]{section.5.4}{YCSB-C}{chapter.5}% 25
\BOOKMARK [1][-]{section.5.5}{YCSB-A}{chapter.5}% 26
\BOOKMARK [1][-]{section.5.6}{YCSB-B}{chapter.5}% 27
\BOOKMARK [1][-]{section.5.7}{制御周期}{chapter.5}% 28
\BOOKMARK [0][-]{chapter.6}{結論と今後の課題}{}% 29
\BOOKMARK [0][-]{chapter*.9}{謝辞}{}% 30
\BOOKMARK [0][-]{chapter*.9}{参考文献}{}% 31
